[2025-07-16 22:13:43][ERROR] java.lang.reflect.InvocationTargetException
	at com.contrastsecurity.workflowauthtool.TracesGetWithProgress.run(TracesGetWithProgress.java:92)
	at org.eclipse.jface.operation.ModalContext$ModalContextThread.run(ModalContext.java:122)
Caused by: com.google.gson.JsonIOException: Failed making field 'java.util.regex.Pattern#pattern' accessible; either increase its visibility or write a custom TypeAdapter for its declaring type.
	at com.google.gson.internal.reflect.ReflectionHelper.makeAccessible(ReflectionHelper.java:38)
	at com.google.gson.internal.bind.ReflectiveTypeAdapterFactory.getBoundFields(ReflectiveTypeAdapterFactory.java:286)
	at com.google.gson.internal.bind.ReflectiveTypeAdapterFactory.create(ReflectiveTypeAdapterFactory.java:130)
	at com.google.gson.Gson.getAdapter(Gson.java:556)
	at com.google.gson.internal.bind.ReflectiveTypeAdapterFactory.createBoundField(ReflectiveTypeAdapterFactory.java:160)
	at com.google.gson.internal.bind.ReflectiveTypeAdapterFactory.getBoundFields(ReflectiveTypeAdapterFactory.java:294)
	at com.google.gson.internal.bind.ReflectiveTypeAdapterFactory.create(ReflectiveTypeAdapterFactory.java:130)
	at com.google.gson.Gson.getAdapter(Gson.java:556)
	at com.google.gson.internal.bind.CollectionTypeAdapterFactory.create(CollectionTypeAdapterFactory.java:53)
	at com.google.gson.Gson.getAdapter(Gson.java:556)
	at com.google.gson.internal.bind.ReflectiveTypeAdapterFactory.createBoundField(ReflectiveTypeAdapterFactory.java:160)
	at com.google.gson.internal.bind.ReflectiveTypeAdapterFactory.getBoundFields(ReflectiveTypeAdapterFactory.java:294)
	at com.google.gson.internal.bind.ReflectiveTypeAdapterFactory.create(ReflectiveTypeAdapterFactory.java:130)
	at com.google.gson.Gson.getAdapter(Gson.java:556)
	at com.google.gson.Gson.fromJson(Gson.java:1226)
	at com.google.gson.Gson.fromJson(Gson.java:1137)
	at com.google.gson.Gson.fromJson(Gson.java:1047)
	at com.google.gson.Gson.fromJson(Gson.java:1014)
	at com.contrastsecurity.workflowauthtool.api.TracesApi.convert(TracesApi.java:70)
	at com.contrastsecurity.workflowauthtool.api.Api.post(Api.java:111)
	at com.contrastsecurity.workflowauthtool.TracesGetWithProgress.run(TracesGetWithProgress.java:72)
	... 1 more
Caused by: java.lang.reflect.InaccessibleObjectException: Unable to make field private java.lang.String java.util.regex.Pattern.pattern accessible: module java.base does not "opens java.util.regex" to unnamed module @56528192
	at java.base/java.lang.reflect.AccessibleObject.checkCanSetAccessible(AccessibleObject.java:354)
	at java.base/java.lang.reflect.AccessibleObject.checkCanSetAccessible(AccessibleObject.java:297)
	at java.base/java.lang.reflect.Field.checkCanSetAccessible(Field.java:178)
	at java.base/java.lang.reflect.Field.setAccessible(Field.java:172)
	at com.google.gson.internal.reflect.ReflectionHelper.makeAccessible(ReflectionHelper.java:35)
	... 21 more

[2025-07-21 09:41:36][ERROR] java.lang.reflect.InvocationTargetException
	at com.contrastsecurity.workflowauthtool.TracesGetWithProgress.run(TracesGetWithProgress.java:92)
	at org.eclipse.jface.operation.ModalContext$ModalContextThread.run(ModalContext.java:122)
Caused by: com.google.gson.JsonIOException: Failed making field 'java.util.regex.Pattern#pattern' accessible; either increase its visibility or write a custom TypeAdapter for its declaring type.
	at com.google.gson.internal.reflect.ReflectionHelper.makeAccessible(ReflectionHelper.java:38)
	at com.google.gson.internal.bind.ReflectiveTypeAdapterFactory.getBoundFields(ReflectiveTypeAdapterFactory.java:286)
	at com.google.gson.internal.bind.ReflectiveTypeAdapterFactory.create(ReflectiveTypeAdapterFactory.java:130)
	at com.google.gson.Gson.getAdapter(Gson.java:556)
	at com.google.gson.internal.bind.ReflectiveTypeAdapterFactory.createBoundField(ReflectiveTypeAdapterFactory.java:160)
	at com.google.gson.internal.bind.ReflectiveTypeAdapterFactory.getBoundFields(ReflectiveTypeAdapterFactory.java:294)
	at com.google.gson.internal.bind.ReflectiveTypeAdapterFactory.create(ReflectiveTypeAdapterFactory.java:130)
	at com.google.gson.Gson.getAdapter(Gson.java:556)
	at com.google.gson.internal.bind.CollectionTypeAdapterFactory.create(CollectionTypeAdapterFactory.java:53)
	at com.google.gson.Gson.getAdapter(Gson.java:556)
	at com.google.gson.internal.bind.ReflectiveTypeAdapterFactory.createBoundField(ReflectiveTypeAdapterFactory.java:160)
	at com.google.gson.internal.bind.ReflectiveTypeAdapterFactory.getBoundFields(ReflectiveTypeAdapterFactory.java:294)
	at com.google.gson.internal.bind.ReflectiveTypeAdapterFactory.create(ReflectiveTypeAdapterFactory.java:130)
	at com.google.gson.Gson.getAdapter(Gson.java:556)
	at com.google.gson.Gson.fromJson(Gson.java:1226)
	at com.google.gson.Gson.fromJson(Gson.java:1137)
	at com.google.gson.Gson.fromJson(Gson.java:1047)
	at com.google.gson.Gson.fromJson(Gson.java:1014)
	at com.contrastsecurity.workflowauthtool.api.TracesApi.convert(TracesApi.java:70)
	at com.contrastsecurity.workflowauthtool.api.Api.post(Api.java:111)
	at com.contrastsecurity.workflowauthtool.TracesGetWithProgress.run(TracesGetWithProgress.java:72)
	... 1 more
Caused by: java.lang.reflect.InaccessibleObjectException: Unable to make field private java.lang.String java.util.regex.Pattern.pattern accessible: module java.base does not "opens java.util.regex" to unnamed module @56528192
	at java.base/java.lang.reflect.AccessibleObject.checkCanSetAccessible(AccessibleObject.java:354)
	at java.base/java.lang.reflect.AccessibleObject.checkCanSetAccessible(AccessibleObject.java:297)
	at java.base/java.lang.reflect.Field.checkCanSetAccessible(Field.java:178)
	at java.base/java.lang.reflect.Field.setAccessible(Field.java:172)
	at com.google.gson.internal.reflect.ReflectionHelper.makeAccessible(ReflectionHelper.java:35)
	... 21 more

[2025-07-21 09:44:25][ERROR] java.lang.reflect.InvocationTargetException
	at com.contrastsecurity.workflowauthtool.TracesGetWithProgress.run(TracesGetWithProgress.java:92)
	at org.eclipse.jface.operation.ModalContext$ModalContextThread.run(ModalContext.java:122)
Caused by: com.google.gson.JsonIOException: Failed making field 'java.util.regex.Pattern#pattern' accessible; either increase its visibility or write a custom TypeAdapter for its declaring type.
	at com.google.gson.internal.reflect.ReflectionHelper.makeAccessible(ReflectionHelper.java:38)
	at com.google.gson.internal.bind.ReflectiveTypeAdapterFactory.getBoundFields(ReflectiveTypeAdapterFactory.java:286)
	at com.google.gson.internal.bind.ReflectiveTypeAdapterFactory.create(ReflectiveTypeAdapterFactory.java:130)
	at com.google.gson.Gson.getAdapter(Gson.java:556)
	at com.google.gson.internal.bind.ReflectiveTypeAdapterFactory.createBoundField(ReflectiveTypeAdapterFactory.java:160)
	at com.google.gson.internal.bind.ReflectiveTypeAdapterFactory.getBoundFields(ReflectiveTypeAdapterFactory.java:294)
	at com.google.gson.internal.bind.ReflectiveTypeAdapterFactory.create(ReflectiveTypeAdapterFactory.java:130)
	at com.google.gson.Gson.getAdapter(Gson.java:556)
	at com.google.gson.internal.bind.CollectionTypeAdapterFactory.create(CollectionTypeAdapterFactory.java:53)
	at com.google.gson.Gson.getAdapter(Gson.java:556)
	at com.google.gson.internal.bind.ReflectiveTypeAdapterFactory.createBoundField(ReflectiveTypeAdapterFactory.java:160)
	at com.google.gson.internal.bind.ReflectiveTypeAdapterFactory.getBoundFields(ReflectiveTypeAdapterFactory.java:294)
	at com.google.gson.internal.bind.ReflectiveTypeAdapterFactory.create(ReflectiveTypeAdapterFactory.java:130)
	at com.google.gson.Gson.getAdapter(Gson.java:556)
	at com.google.gson.Gson.fromJson(Gson.java:1226)
	at com.google.gson.Gson.fromJson(Gson.java:1137)
	at com.google.gson.Gson.fromJson(Gson.java:1047)
	at com.google.gson.Gson.fromJson(Gson.java:1014)
	at com.contrastsecurity.workflowauthtool.api.TracesApi.convert(TracesApi.java:70)
	at com.contrastsecurity.workflowauthtool.api.Api.post(Api.java:111)
	at com.contrastsecurity.workflowauthtool.TracesGetWithProgress.run(TracesGetWithProgress.java:72)
	... 1 more
Caused by: java.lang.reflect.InaccessibleObjectException: Unable to make field private java.lang.String java.util.regex.Pattern.pattern accessible: module java.base does not "opens java.util.regex" to unnamed module @56528192
	at java.base/java.lang.reflect.AccessibleObject.checkCanSetAccessible(AccessibleObject.java:354)
	at java.base/java.lang.reflect.AccessibleObject.checkCanSetAccessible(AccessibleObject.java:297)
	at java.base/java.lang.reflect.Field.checkCanSetAccessible(Field.java:178)
	at java.base/java.lang.reflect.Field.setAccessible(Field.java:172)
	at com.google.gson.internal.reflect.ReflectionHelper.makeAccessible(ReflectionHelper.java:35)
	... 21 more

[2025-07-21 09:48:45][ERROR] java.lang.reflect.InvocationTargetException
	at com.contrastsecurity.workflowauthtool.TracesGetWithProgress.run(TracesGetWithProgress.java:92)
	at org.eclipse.jface.operation.ModalContext$ModalContextThread.run(ModalContext.java:122)
Caused by: com.google.gson.JsonIOException: Failed making field 'java.util.regex.Pattern#pattern' accessible; either increase its visibility or write a custom TypeAdapter for its declaring type.
	at com.google.gson.internal.reflect.ReflectionHelper.makeAccessible(ReflectionHelper.java:38)
	at com.google.gson.internal.bind.ReflectiveTypeAdapterFactory.getBoundFields(ReflectiveTypeAdapterFactory.java:286)
	at com.google.gson.internal.bind.ReflectiveTypeAdapterFactory.create(ReflectiveTypeAdapterFactory.java:130)
	at com.google.gson.Gson.getAdapter(Gson.java:556)
	at com.google.gson.internal.bind.ReflectiveTypeAdapterFactory.createBoundField(ReflectiveTypeAdapterFactory.java:160)
	at com.google.gson.internal.bind.ReflectiveTypeAdapterFactory.getBoundFields(ReflectiveTypeAdapterFactory.java:294)
	at com.google.gson.internal.bind.ReflectiveTypeAdapterFactory.create(ReflectiveTypeAdapterFactory.java:130)
	at com.google.gson.Gson.getAdapter(Gson.java:556)
	at com.google.gson.internal.bind.ReflectiveTypeAdapterFactory.createBoundField(ReflectiveTypeAdapterFactory.java:160)
	at com.google.gson.internal.bind.ReflectiveTypeAdapterFactory.getBoundFields(ReflectiveTypeAdapterFactory.java:294)
	at com.google.gson.internal.bind.ReflectiveTypeAdapterFactory.create(ReflectiveTypeAdapterFactory.java:130)
	at com.google.gson.Gson.getAdapter(Gson.java:556)
	at com.google.gson.internal.bind.CollectionTypeAdapterFactory.create(CollectionTypeAdapterFactory.java:53)
	at com.google.gson.Gson.getAdapter(Gson.java:556)
	at com.google.gson.internal.bind.ReflectiveTypeAdapterFactory.createBoundField(ReflectiveTypeAdapterFactory.java:160)
	at com.google.gson.internal.bind.ReflectiveTypeAdapterFactory.getBoundFields(ReflectiveTypeAdapterFactory.java:294)
	at com.google.gson.internal.bind.ReflectiveTypeAdapterFactory.create(ReflectiveTypeAdapterFactory.java:130)
	at com.google.gson.Gson.getAdapter(Gson.java:556)
	at com.google.gson.Gson.fromJson(Gson.java:1226)
	at com.google.gson.Gson.fromJson(Gson.java:1137)
	at com.google.gson.Gson.fromJson(Gson.java:1047)
	at com.google.gson.Gson.fromJson(Gson.java:1014)
	at com.contrastsecurity.workflowauthtool.api.TracesApi.convert(TracesApi.java:70)
	at com.contrastsecurity.workflowauthtool.api.Api.post(Api.java:111)
	at com.contrastsecurity.workflowauthtool.TracesGetWithProgress.run(TracesGetWithProgress.java:72)
	... 1 more
Caused by: java.lang.reflect.InaccessibleObjectException: Unable to make field private java.lang.String java.util.regex.Pattern.pattern accessible: module java.base does not "opens java.util.regex" to unnamed module @56528192
	at java.base/java.lang.reflect.AccessibleObject.checkCanSetAccessible(AccessibleObject.java:354)
	at java.base/java.lang.reflect.AccessibleObject.checkCanSetAccessible(AccessibleObject.java:297)
	at java.base/java.lang.reflect.Field.checkCanSetAccessible(Field.java:178)
	at java.base/java.lang.reflect.Field.setAccessible(Field.java:172)
	at com.google.gson.internal.reflect.ReflectionHelper.makeAccessible(ReflectionHelper.java:35)
	... 25 more

[2025-07-21 12:36:28][ERROR] https://eval.contrastsecurity.com/Contrast/api/ng/442311fd-c9d6-44a9-a00b-2b03db2d816c/traces/null/trace/NSJM-Y74L-F5SB-2GNX?expand=events,notes,request,application,servers,server_environments,skip_links
[2025-07-21 12:36:28][ERROR] com.contrastsecurity.workflowauthtool.exception.ApiException: {
  "success" : false,
  "messages" : [ "Authorization failure" ]
}
	at com.contrastsecurity.workflowauthtool.api.Api.getResponse(Api.java:239)
	at com.contrastsecurity.workflowauthtool.api.Api.get(Api.java:105)
	at com.contrastsecurity.workflowauthtool.TracesGetWithProgress.run(TracesGetWithProgress.java:81)
	at org.eclipse.jface.operation.ModalContext$ModalContextThread.run(ModalContext.java:122)

[2025-07-21 12:36:28][ERROR] java.lang.reflect.InvocationTargetException
	at com.contrastsecurity.workflowauthtool.TracesGetWithProgress.run(TracesGetWithProgress.java:105)
	at org.eclipse.jface.operation.ModalContext$ModalContextThread.run(ModalContext.java:122)
Caused by: com.contrastsecurity.workflowauthtool.exception.ApiException: {
  "success" : false,
  "messages" : [ "Authorization failure" ]
}
	at com.contrastsecurity.workflowauthtool.api.Api.getResponse(Api.java:239)
	at com.contrastsecurity.workflowauthtool.api.Api.get(Api.java:105)
	at com.contrastsecurity.workflowauthtool.TracesGetWithProgress.run(TracesGetWithProgress.java:81)
	... 1 more

[2025-07-21 12:36:35][ERROR] https://eval.contrastsecurity.com/Contrast/api/ng/442311fd-c9d6-44a9-a00b-2b03db2d816c/traces/null/trace/NSJM-Y74L-F5SB-2GNX?expand=events,notes,request,application,servers,server_environments,skip_links
[2025-07-21 12:36:35][ERROR] com.contrastsecurity.workflowauthtool.exception.ApiException: {
  "success" : false,
  "messages" : [ "Authorization failure" ]
}
	at com.contrastsecurity.workflowauthtool.api.Api.getResponse(Api.java:239)
	at com.contrastsecurity.workflowauthtool.api.Api.get(Api.java:105)
	at com.contrastsecurity.workflowauthtool.TracesGetWithProgress.run(TracesGetWithProgress.java:81)
	at org.eclipse.jface.operation.ModalContext$ModalContextThread.run(ModalContext.java:122)

[2025-07-21 12:36:35][ERROR] java.lang.reflect.InvocationTargetException
	at com.contrastsecurity.workflowauthtool.TracesGetWithProgress.run(TracesGetWithProgress.java:105)
	at org.eclipse.jface.operation.ModalContext$ModalContextThread.run(ModalContext.java:122)
Caused by: com.contrastsecurity.workflowauthtool.exception.ApiException: {
  "success" : false,
  "messages" : [ "Authorization failure" ]
}
	at com.contrastsecurity.workflowauthtool.api.Api.getResponse(Api.java:239)
	at com.contrastsecurity.workflowauthtool.api.Api.get(Api.java:105)
	at com.contrastsecurity.workflowauthtool.TracesGetWithProgress.run(TracesGetWithProgress.java:81)
	... 1 more

[2025-07-21 12:38:42][ERROR] java.lang.reflect.InvocationTargetException
	at com.contrastsecurity.workflowauthtool.TracesGetWithProgress.run(TracesGetWithProgress.java:105)
	at org.eclipse.jface.operation.ModalContext$ModalContextThread.run(ModalContext.java:122)
Caused by: com.google.gson.JsonIOException: Failed making field 'java.util.regex.Pattern#pattern' accessible; either increase its visibility or write a custom TypeAdapter for its declaring type.
	at com.google.gson.internal.reflect.ReflectionHelper.makeAccessible(ReflectionHelper.java:38)
	at com.google.gson.internal.bind.ReflectiveTypeAdapterFactory.getBoundFields(ReflectiveTypeAdapterFactory.java:286)
	at com.google.gson.internal.bind.ReflectiveTypeAdapterFactory.create(ReflectiveTypeAdapterFactory.java:130)
	at com.google.gson.Gson.getAdapter(Gson.java:556)
	at com.google.gson.internal.bind.ReflectiveTypeAdapterFactory.createBoundField(ReflectiveTypeAdapterFactory.java:160)
	at com.google.gson.internal.bind.ReflectiveTypeAdapterFactory.getBoundFields(ReflectiveTypeAdapterFactory.java:294)
	at com.google.gson.internal.bind.ReflectiveTypeAdapterFactory.create(ReflectiveTypeAdapterFactory.java:130)
	at com.google.gson.Gson.getAdapter(Gson.java:556)
	at com.google.gson.internal.bind.ReflectiveTypeAdapterFactory.createBoundField(ReflectiveTypeAdapterFactory.java:160)
	at com.google.gson.internal.bind.ReflectiveTypeAdapterFactory.getBoundFields(ReflectiveTypeAdapterFactory.java:294)
	at com.google.gson.internal.bind.ReflectiveTypeAdapterFactory.create(ReflectiveTypeAdapterFactory.java:130)
	at com.google.gson.Gson.getAdapter(Gson.java:556)
	at com.google.gson.Gson.fromJson(Gson.java:1226)
	at com.google.gson.Gson.fromJson(Gson.java:1137)
	at com.google.gson.Gson.fromJson(Gson.java:1047)
	at com.google.gson.Gson.fromJson(Gson.java:1014)
	at com.contrastsecurity.workflowauthtool.api.TraceApi.convert(TraceApi.java:59)
	at com.contrastsecurity.workflowauthtool.api.Api.get(Api.java:106)
	at com.contrastsecurity.workflowauthtool.TracesGetWithProgress.run(TracesGetWithProgress.java:81)
	... 1 more
Caused by: java.lang.reflect.InaccessibleObjectException: Unable to make field private java.lang.String java.util.regex.Pattern.pattern accessible: module java.base does not "opens java.util.regex" to unnamed module @96def03
	at java.base/java.lang.reflect.AccessibleObject.checkCanSetAccessible(AccessibleObject.java:354)
	at java.base/java.lang.reflect.AccessibleObject.checkCanSetAccessible(AccessibleObject.java:297)
	at java.base/java.lang.reflect.Field.checkCanSetAccessible(Field.java:178)
	at java.base/java.lang.reflect.Field.setAccessible(Field.java:172)
	at com.google.gson.internal.reflect.ReflectionHelper.makeAccessible(ReflectionHelper.java:35)
	... 19 more

[2025-07-21 12:39:28][ERROR] java.lang.reflect.InvocationTargetException
	at com.contrastsecurity.workflowauthtool.TracesGetWithProgress.run(TracesGetWithProgress.java:105)
	at org.eclipse.jface.operation.ModalContext$ModalContextThread.run(ModalContext.java:122)
Caused by: com.google.gson.JsonIOException: Failed making field 'java.util.regex.Pattern#pattern' accessible; either increase its visibility or write a custom TypeAdapter for its declaring type.
	at com.google.gson.internal.reflect.ReflectionHelper.makeAccessible(ReflectionHelper.java:38)
	at com.google.gson.internal.bind.ReflectiveTypeAdapterFactory.getBoundFields(ReflectiveTypeAdapterFactory.java:286)
	at com.google.gson.internal.bind.ReflectiveTypeAdapterFactory.create(ReflectiveTypeAdapterFactory.java:130)
	at com.google.gson.Gson.getAdapter(Gson.java:556)
	at com.google.gson.internal.bind.ReflectiveTypeAdapterFactory.createBoundField(ReflectiveTypeAdapterFactory.java:160)
	at com.google.gson.internal.bind.ReflectiveTypeAdapterFactory.getBoundFields(ReflectiveTypeAdapterFactory.java:294)
	at com.google.gson.internal.bind.ReflectiveTypeAdapterFactory.create(ReflectiveTypeAdapterFactory.java:130)
	at com.google.gson.Gson.getAdapter(Gson.java:556)
	at com.google.gson.internal.bind.ReflectiveTypeAdapterFactory.createBoundField(ReflectiveTypeAdapterFactory.java:160)
	at com.google.gson.internal.bind.ReflectiveTypeAdapterFactory.getBoundFields(ReflectiveTypeAdapterFactory.java:294)
	at com.google.gson.internal.bind.ReflectiveTypeAdapterFactory.create(ReflectiveTypeAdapterFactory.java:130)
	at com.google.gson.Gson.getAdapter(Gson.java:556)
	at com.google.gson.Gson.fromJson(Gson.java:1226)
	at com.google.gson.Gson.fromJson(Gson.java:1137)
	at com.google.gson.Gson.fromJson(Gson.java:1047)
	at com.google.gson.Gson.fromJson(Gson.java:1014)
	at com.contrastsecurity.workflowauthtool.api.TraceApi.convert(TraceApi.java:60)
	at com.contrastsecurity.workflowauthtool.api.Api.get(Api.java:106)
	at com.contrastsecurity.workflowauthtool.TracesGetWithProgress.run(TracesGetWithProgress.java:81)
	... 1 more
Caused by: java.lang.reflect.InaccessibleObjectException: Unable to make field private java.lang.String java.util.regex.Pattern.pattern accessible: module java.base does not "opens java.util.regex" to unnamed module @96def03
	at java.base/java.lang.reflect.AccessibleObject.checkCanSetAccessible(AccessibleObject.java:354)
	at java.base/java.lang.reflect.AccessibleObject.checkCanSetAccessible(AccessibleObject.java:297)
	at java.base/java.lang.reflect.Field.checkCanSetAccessible(Field.java:178)
	at java.base/java.lang.reflect.Field.setAccessible(Field.java:172)
	at com.google.gson.internal.reflect.ReflectionHelper.makeAccessible(ReflectionHelper.java:35)
	... 19 more

[2025-07-21 12:40:29][ERROR] java.lang.reflect.InvocationTargetException
	at com.contrastsecurity.workflowauthtool.TracesGetWithProgress.run(TracesGetWithProgress.java:105)
	at org.eclipse.jface.operation.ModalContext$ModalContextThread.run(ModalContext.java:122)
Caused by: com.google.gson.JsonIOException: Failed making field 'java.util.regex.Pattern#pattern' accessible; either increase its visibility or write a custom TypeAdapter for its declaring type.
	at com.google.gson.internal.reflect.ReflectionHelper.makeAccessible(ReflectionHelper.java:38)
	at com.google.gson.internal.bind.ReflectiveTypeAdapterFactory.getBoundFields(ReflectiveTypeAdapterFactory.java:286)
	at com.google.gson.internal.bind.ReflectiveTypeAdapterFactory.create(ReflectiveTypeAdapterFactory.java:130)
	at com.google.gson.Gson.getAdapter(Gson.java:556)
	at com.google.gson.internal.bind.ReflectiveTypeAdapterFactory.createBoundField(ReflectiveTypeAdapterFactory.java:160)
	at com.google.gson.internal.bind.ReflectiveTypeAdapterFactory.getBoundFields(ReflectiveTypeAdapterFactory.java:294)
	at com.google.gson.internal.bind.ReflectiveTypeAdapterFactory.create(ReflectiveTypeAdapterFactory.java:130)
	at com.google.gson.Gson.getAdapter(Gson.java:556)
	at com.google.gson.internal.bind.ReflectiveTypeAdapterFactory.createBoundField(ReflectiveTypeAdapterFactory.java:160)
	at com.google.gson.internal.bind.ReflectiveTypeAdapterFactory.getBoundFields(ReflectiveTypeAdapterFactory.java:294)
	at com.google.gson.internal.bind.ReflectiveTypeAdapterFactory.create(ReflectiveTypeAdapterFactory.java:130)
	at com.google.gson.Gson.getAdapter(Gson.java:556)
	at com.google.gson.Gson.fromJson(Gson.java:1226)
	at com.google.gson.Gson.fromJson(Gson.java:1137)
	at com.google.gson.Gson.fromJson(Gson.java:1047)
	at com.google.gson.Gson.fromJson(Gson.java:1014)
	at com.contrastsecurity.workflowauthtool.api.TraceApi.convert(TraceApi.java:60)
	at com.contrastsecurity.workflowauthtool.api.Api.get(Api.java:106)
	at com.contrastsecurity.workflowauthtool.TracesGetWithProgress.run(TracesGetWithProgress.java:81)
	... 1 more
Caused by: java.lang.reflect.InaccessibleObjectException: Unable to make field private java.lang.String java.util.regex.Pattern.pattern accessible: module java.base does not "opens java.util.regex" to unnamed module @96def03
	at java.base/java.lang.reflect.AccessibleObject.checkCanSetAccessible(AccessibleObject.java:354)
	at java.base/java.lang.reflect.AccessibleObject.checkCanSetAccessible(AccessibleObject.java:297)
	at java.base/java.lang.reflect.Field.checkCanSetAccessible(Field.java:178)
	at java.base/java.lang.reflect.Field.setAccessible(Field.java:172)
	at com.google.gson.internal.reflect.ReflectionHelper.makeAccessible(ReflectionHelper.java:35)
	... 19 more

[2025-07-22 00:19:53][ERROR] java.lang.NullPointerException: Cannot invoke "java.util.Set.iterator()" because the return value of "java.util.Map.get(Object)" is null
	at com.contrastsecurity.workflowauthtool.AttackEventFilterDialog.createDialogArea(AttackEventFilterDialog.java:413)
	at org.eclipse.jface.dialogs.Dialog.createContents(Dialog.java:767)
	at org.eclipse.jface.window.Window.create(Window.java:431)
	at org.eclipse.jface.dialogs.Dialog.create(Dialog.java:1094)
	at org.eclipse.jface.window.Window.open(Window.java:788)
	at com.contrastsecurity.workflowauthtool.Main$18.widgetSelected(Main.java:743)
	at org.eclipse.swt.widgets.TypedListener.handleEvent(TypedListener.java:252)
	at org.eclipse.swt.widgets.EventTable.sendEvent(EventTable.java:89)
	at org.eclipse.swt.widgets.Display.sendEvent(Display.java:4274)
	at org.eclipse.swt.widgets.Widget.sendEvent(Widget.java:1066)
	at org.eclipse.swt.widgets.Display.runDeferredEvents(Display.java:4072)
	at org.eclipse.swt.widgets.Display.readAndDispatch(Display.java:3660)
	at com.contrastsecurity.workflowauthtool.Main.createPart(Main.java:832)
	at com.contrastsecurity.workflowauthtool.Main.main(Main.java:177)

[2025-07-22 00:51:29][ERROR] java.lang.NullPointerException: Cannot invoke "java.util.List.add(Object)" because the return value of "java.util.Map.get(Object)" is null
	at com.contrastsecurity.workflowauthtool.Main$19.widgetSelected(Main.java:777)
	at org.eclipse.swt.widgets.TypedListener.handleEvent(TypedListener.java:252)
	at org.eclipse.swt.widgets.EventTable.sendEvent(EventTable.java:89)
	at org.eclipse.swt.widgets.Display.sendEvent(Display.java:4274)
	at org.eclipse.swt.widgets.Widget.sendEvent(Widget.java:1066)
	at org.eclipse.swt.widgets.Display.runDeferredEvents(Display.java:4072)
	at org.eclipse.swt.widgets.Display.readAndDispatch(Display.java:3660)
	at com.contrastsecurity.workflowauthtool.Main.createPart(Main.java:839)
	at com.contrastsecurity.workflowauthtool.Main.main(Main.java:177)

[2025-08-03 09:44:48][ERROR] java.lang.reflect.InvocationTargetException
	at org.eclipse.jface.operation.ModalContext.run(ModalContext.java:395)
	at org.eclipse.jface.dialogs.ProgressMonitorDialog.run(ProgressMonitorDialog.java:470)
	at com.contrastsecurity.vulnstatusmanagetool.Main$11.widgetSelected(Main.java:528)
	at org.eclipse.swt.widgets.TypedListener.handleEvent(TypedListener.java:252)
	at org.eclipse.swt.widgets.EventTable.sendEvent(EventTable.java:89)
	at org.eclipse.swt.widgets.Display.sendEvent(Display.java:4274)
	at org.eclipse.swt.widgets.Widget.sendEvent(Widget.java:1066)
	at org.eclipse.swt.widgets.Display.runDeferredEvents(Display.java:4072)
	at org.eclipse.swt.widgets.Display.readAndDispatch(Display.java:3660)
	at com.contrastsecurity.vulnstatusmanagetool.Main.createPart(Main.java:920)
	at com.contrastsecurity.vulnstatusmanagetool.Main.main(Main.java:179)
Caused by: java.lang.NullPointerException: Cannot invoke "com.contrastsecurity.vulnstatusmanagetool.model.PendingStatus.getStatus()" because "this.pendingStatus" is null
	at com.contrastsecurity.vulnstatusmanagetool.model.Vulnerability.toString(Vulnerability.java:149)
	at java.base/java.lang.String.valueOf(String.java:4222)
	at java.base/java.io.PrintStream.println(PrintStream.java:1047)
	at com.contrastsecurity.vulnstatusmanagetool.TracesGetWithProgress.run(TracesGetWithProgress.java:130)
	at org.eclipse.jface.operation.ModalContext$ModalContextThread.run(ModalContext.java:122)

